[    89.406] _XSERVTransSocketUNIXCreateListener: ...SocketCreateListener() failed
[    89.407] _XSERVTransMakeAllCOTSServerListeners: server already running
[    89.409] (--) Log file renamed from "/opt/odoo/.local/share/xorg/Xorg.pid-3512.log" to "/opt/odoo/.local/share/xorg/Xorg.1.log"
[    89.412] 
X.Org X Server 1.20.11
X Protocol Version 11, Revision 0
[    89.412] Build Operating System: linux Ubuntu
[    89.412] Current Operating System: Linux ernesto-VirtualBox 5.11.0-41-generic #45~20.04.1-Ubuntu SMP Wed Nov 10 10:20:10 UTC 2021 x86_64
[    89.412] Kernel command line: BOOT_IMAGE=/boot/vmlinuz-5.11.0-41-generic root=UUID=d0d8a92c-636f-4193-86f3-e608982fc793 ro quiet splash
[    89.413] Build Date: 06 July 2021  10:17:51AM
[    89.413] xorg-server 2:1.20.11-1ubuntu1~20.04.2 (For technical support please see http://www.ubuntu.com/support) 
[    89.413] Current version of pixman: 0.38.4
[    89.413] 	Before reporting problems, check http://wiki.x.org
	to make sure that you have the latest version.
[    89.413] Markers: (--) probed, (**) from config file, (==) default setting,
	(++) from command line, (!!) notice, (II) informational,
	(WW) warning, (EE) error, (NI) not implemented, (??) unknown.
[    89.415] (==) Log file: "/opt/odoo/.local/share/xorg/Xorg.1.log", Time: Thu Dec  2 08:58:04 2021
[    89.415] (==) Using system config directory "/usr/share/X11/xorg.conf.d"
[    89.416] (==) No Layout section.  Using the first Screen section.
[    89.416] (==) No screen section available. Using defaults.
[    89.416] (**) |-->Screen "Default Screen Section" (0)
[    89.416] (**) |   |-->Monitor "<default monitor>"
[    89.418] (==) No monitor specified for screen "Default Screen Section".
	Using a default monitor configuration.
[    89.418] (==) Automatically adding devices
[    89.419] (==) Automatically enabling devices
[    89.419] (==) Automatically adding GPU devices
[    89.419] (==) Automatically binding GPU devices
[    89.419] (==) Max clients allowed: 256, resource mask: 0x1fffff
[    89.419] (WW) The directory "/usr/share/fonts/X11/cyrillic" does not exist.
[    89.419] 	Entry deleted from font path.
[    89.419] (WW) The directory "/usr/share/fonts/X11/100dpi/" does not exist.
[    89.419] 	Entry deleted from font path.
[    89.419] (WW) The directory "/usr/share/fonts/X11/100dpi" does not exist.
[    89.420] 	Entry deleted from font path.
[    89.420] (==) FontPath set to:
	/usr/share/fonts/X11/misc,
	/usr/share/fonts/X11/75dpi/:unscaled,
	/usr/share/fonts/X11/Type1,
	/usr/share/fonts/X11/75dpi,
	built-ins
[    89.420] (==) ModulePath set to "/usr/lib/xorg/modules"
[    89.420] (II) The server relies on udev to provide the list of input devices.
	If no devices become available, reconfigure udev or disable AutoAddDevices.
[    89.420] (II) Loader magic: 0x556373883020
[    89.420] (II) Module ABI versions:
[    89.421] 	X.Org ANSI C Emulation: 0.4
[    89.421] 	X.Org Video Driver: 24.1
[    89.421] 	X.Org XInput driver : 24.1
[    89.421] 	X.Org Server Extension : 10.0
[    89.426] (++) using VT number 3

[    89.428] (II) systemd-logind: took control of session /org/freedesktop/login1/session/_34
[    89.433] (II) xfree86: Adding drm device (/dev/dri/card0)
[    89.434] (II) systemd-logind: got fd for /dev/dri/card0 226:0 fd 13 paused 0
[    89.443] (--) PCI:*(0@0:2:0) 15ad:0405:15ad:0405 rev 0, Mem @ 0xf0000000/16777216, 0xf1000000/2097152, I/O @ 0x0000d010/16, BIOS @ 0x????????/131072
[    89.444] (II) LoadModule: "glx"
[    89.445] (II) Loading /usr/lib/xorg/modules/extensions/libglx.so
[    89.451] (II) Module glx: vendor="X.Org Foundation"
[    89.451] 	compiled for 1.20.11, module version = 1.0.0
[    89.452] 	ABI class: X.Org Server Extension, version 10.0
[    89.453] (==) Matched vmware as autoconfigured driver 0
[    89.453] (==) Matched modesetting as autoconfigured driver 1
[    89.453] (==) Matched fbdev as autoconfigured driver 2
[    89.453] (==) Matched vesa as autoconfigured driver 3
[    89.453] (==) Assigned the driver to the xf86ConfigLayout
[    89.453] (II) LoadModule: "vmware"
[    89.453] (II) Loading /usr/lib/xorg/modules/drivers/vmware_drv.so
[    89.518] (II) Module vmware: vendor="X.Org Foundation"
[    89.520] 	compiled for 1.20.8, module version = 13.3.0
[    89.520] 	Module class: X.Org Video Driver
[    89.520] 	ABI class: X.Org Video Driver, version 24.1
[    89.521] (II) LoadModule: "modesetting"
[    89.521] (II) Loading /usr/lib/xorg/modules/drivers/modesetting_drv.so
[    89.521] (II) Module modesetting: vendor="X.Org Foundation"
[    89.521] 	compiled for 1.20.11, module version = 1.20.11
[    89.522] 	Module class: X.Org Video Driver
[    89.522] 	ABI class: X.Org Video Driver, version 24.1
[    89.522] (II) LoadModule: "fbdev"
[    89.523] (II) Loading /usr/lib/xorg/modules/drivers/fbdev_drv.so
[    89.523] (II) Module fbdev: vendor="X.Org Foundation"
[    89.523] 	compiled for 1.20.1, module version = 0.5.0
[    89.523] 	Module class: X.Org Video Driver
[    89.523] 	ABI class: X.Org Video Driver, version 24.0
[    89.523] (II) LoadModule: "vesa"
[    89.524] (II) Loading /usr/lib/xorg/modules/drivers/vesa_drv.so
[    89.525] (II) Module vesa: vendor="X.Org Foundation"
[    89.525] 	compiled for 1.20.4, module version = 2.4.0
[    89.525] 	Module class: X.Org Video Driver
[    89.525] 	ABI class: X.Org Video Driver, version 24.0
[    89.525] (II) vmware: driver for VMware SVGA: vmware0405, vmware0710
[    89.526] (II) modesetting: Driver for Modesetting Kernel Drivers: kms
[    89.526] (II) FBDEV: driver for framebuffer: fbdev
[    89.526] (II) VESA: driver for VESA chipsets: vesa
[    89.529] xf86EnableIOPorts: failed to set IOPL for I/O (Operation not permitted)
[    89.530] (WW) Falling back to old probe method for modesetting
[    89.530] (WW) Falling back to old probe method for fbdev
[    89.531] (II) Loading sub module "fbdevhw"
[    89.531] (II) LoadModule: "fbdevhw"
[    89.532] (II) Loading /usr/lib/xorg/modules/libfbdevhw.so
[    89.532] (II) Module fbdevhw: vendor="X.Org Foundation"
[    89.532] 	compiled for 1.20.11, module version = 0.0.2
[    89.532] 	ABI class: X.Org Video Driver, version 24.1
[    89.532] (EE) open /dev/fb0: Permission denied
[    89.532] (WW) VGA arbiter: cannot open kernel arbiter, no multi-card support
[    89.532] (II) vmware(0): Creating default Display subsection in Screen section
	"Default Screen Section" for depth/fbbpp 24/32
[    89.532] (--) vmware(0): DRM driver version is 2.18.0
[    89.532] (==) vmware(0): Depth 24, (--) framebuffer bpp 32
[    89.533] (==) vmware(0): RGB weight 888
[    89.533] (==) vmware(0): Default visual is TrueColor
[    89.533] (--) vmware(0): Min width 1, Max Width 8192.
[    89.533] (--) vmware(0): Min height 1, Max Height 8192.
[    89.534] (II) vmware(0): Output Virtual1 has no monitor section
[    89.535] (II) vmware(0): Output Virtual2 has no monitor section
[    89.535] (II) vmware(0): Output Virtual3 has no monitor section
[    89.535] (II) vmware(0): Output Virtual4 has no monitor section
[    89.535] (II) vmware(0): Output Virtual5 has no monitor section
[    89.536] (II) vmware(0): Output Virtual6 has no monitor section
[    89.537] (II) vmware(0): Output Virtual7 has no monitor section
[    89.538] (II) vmware(0): Output Virtual8 has no monitor section
[    89.538] (II) vmware(0): Printing probed modes for output Virtual1
[    89.539] (II) vmware(0): Modeline "800x600"x60.0   42.75  800 850 900 950  600 650 700 750 -hsync +vsync (45.0 kHz eP)
[    89.540] (II) vmware(0): Modeline "2560x1600"x60.0  348.50  2560 2752 3032 3504  1600 1603 1609 1658 -hsync +vsync (99.5 kHz e)
[    89.540] (II) vmware(0): Modeline "1920x1440"x60.0  234.00  1920 2048 2256 2600  1440 1441 1444 1500 -hsync +vsync (90.0 kHz e)
[    89.540] (II) vmware(0): Modeline "1856x1392"x60.0  218.25  1856 1952 2176 2528  1392 1393 1396 1439 -hsync +vsync (86.3 kHz e)
[    89.541] (II) vmware(0): Modeline "1792x1344"x60.0  204.75  1792 1920 2120 2448  1344 1345 1348 1394 -hsync +vsync (83.6 kHz e)
[    89.541] (II) vmware(0): Modeline "1920x1200"x59.9  193.25  1920 2056 2256 2592  1200 1203 1209 1245 -hsync +vsync (74.6 kHz e)
[    89.541] (II) vmware(0): Modeline "1600x1200"x60.0  162.00  1600 1664 1856 2160  1200 1201 1204 1250 +hsync +vsync (75.0 kHz e)
[    89.541] (II) vmware(0): Modeline "1680x1050"x60.0  146.25  1680 1784 1960 2240  1050 1053 1059 1089 -hsync +vsync (65.3 kHz e)
[    89.541] (II) vmware(0): Modeline "1400x1050"x60.0  121.75  1400 1488 1632 1864  1050 1053 1057 1089 -hsync +vsync (65.3 kHz e)
[    89.541] (II) vmware(0): Modeline "1280x1024"x60.0  108.00  1280 1328 1440 1688  1024 1025 1028 1066 +hsync +vsync (64.0 kHz e)
[    89.542] (II) vmware(0): Modeline "1440x900"x59.9  106.50  1440 1520 1672 1904  900 903 909 934 -hsync +vsync (55.9 kHz e)
[    89.542] (II) vmware(0): Modeline "1280x960"x60.0  108.00  1280 1376 1488 1800  960 961 964 1000 +hsync +vsync (60.0 kHz e)
[    89.542] (II) vmware(0): Modeline "1360x768"x60.0   85.50  1360 1424 1536 1792  768 771 777 795 +hsync +vsync (47.7 kHz e)
[    89.542] (II) vmware(0): Modeline "1280x800"x59.8   83.50  1280 1352 1480 1680  800 803 809 831 +hsync -vsync (49.7 kHz e)
[    89.542] (II) vmware(0): Modeline "1152x864"x75.0  108.00  1152 1216 1344 1600  864 865 868 900 +hsync +vsync (67.5 kHz e)
[    89.542] (II) vmware(0): Modeline "1280x768"x59.9   79.50  1280 1344 1472 1664  768 771 778 798 -hsync +vsync (47.8 kHz e)
[    89.542] (II) vmware(0): Modeline "1024x768"x60.0   65.00  1024 1048 1184 1344  768 771 777 806 -hsync -vsync (48.4 kHz e)
[    89.542] (II) vmware(0): Modeline "800x600"x60.3   40.00  800 840 968 1056  600 601 605 628 +hsync +vsync (37.9 kHz e)
[    89.542] (II) vmware(0): Modeline "640x480"x59.9   25.18  640 656 752 800  480 489 492 525 -hsync -vsync (31.5 kHz e)
[    89.542] (II) vmware(0): EDID for output Virtual2
[    89.542] (II) vmware(0): EDID for output Virtual3
[    89.542] (II) vmware(0): EDID for output Virtual4
[    89.542] (II) vmware(0): EDID for output Virtual5
[    89.542] (II) vmware(0): EDID for output Virtual6
[    89.542] (II) vmware(0): EDID for output Virtual7
[    89.542] (II) vmware(0): EDID for output Virtual8
[    89.542] (II) vmware(0): Output Virtual1 connected
[    89.542] (II) vmware(0): Output Virtual2 disconnected
[    89.542] (II) vmware(0): Output Virtual3 disconnected
[    89.542] (II) vmware(0): Output Virtual4 disconnected
[    89.542] (II) vmware(0): Output Virtual5 disconnected
[    89.542] (II) vmware(0): Output Virtual6 disconnected
[    89.542] (II) vmware(0): Output Virtual7 disconnected
[    89.542] (II) vmware(0): Output Virtual8 disconnected
[    89.542] (II) vmware(0): Using exact sizes for initial modes
[    89.542] (II) vmware(0): Output Virtual1 using initial mode 800x600 +0+0
[    89.542] (==) vmware(0): DPI set to (96, 96)
[    89.542] (==) vmware(0): Using gamma correction (1.0, 1.0, 1.0)
[    89.542] (II) Loading sub module "fb"
[    89.542] (II) LoadModule: "fb"
[    89.542] (II) Loading /usr/lib/xorg/modules/libfb.so
[    89.542] (II) Module fb: vendor="X.Org Foundation"
[    89.542] 	compiled for 1.20.11, module version = 1.0.0
[    89.542] 	ABI class: X.Org ANSI C Emulation, version 0.4
[    89.542] (II) Loading sub module "dri2"
[    89.542] (II) LoadModule: "dri2"
[    89.543] (II) Module "dri2" already built-in
[    89.543] (II) Loading sub module "dri3"
[    89.543] (II) LoadModule: "dri3"
[    89.543] (II) Module "dri3" already built-in
[    89.543] (II) UnloadModule: "modesetting"
[    89.543] (II) Unloading modesetting
[    89.543] (II) UnloadModule: "fbdev"
[    89.543] (II) Unloading fbdev
[    89.543] (II) UnloadSubModule: "fbdevhw"
[    89.543] (II) Unloading fbdevhw
[    89.543] (II) UnloadModule: "vesa"
[    89.543] (II) Unloading vesa
[    89.543] (II) vmware(0): Initialized VMWARE_CTRL extension version 0.2
[    89.544] (WW) vmware(0): Failed to initialize Gallium3D Xa. No render acceleration available.
[    89.544] (WW) vmware(0): Skipped initialization of direct rendering due to lack of render acceleration.
[    89.544] (--) vmware(0): Render acceleration is disabled.
[    89.544] (==) vmware(0): Rendercheck mode is disabled.
[    89.544] (--) vmware(0): Direct rendering (DRI2 3D) is disabled.
[    89.544] (--) vmware(0): Direct rendering (DRI3 3D) is disabled.
[    89.544] (==) vmware(0): Backing store enabled
[    89.544] (==) vmware(0): Silken mouse enabled
[    89.560] (==) vmware(0): DPMS enabled
[    89.560] (II) vmware(0): No 3D acceleration. Not setting up textured video.
[    89.560] (WW) vmware(0): Disabling Xv because no adaptors could be initialized.
[    89.560] (II) Initializing extension Generic Event Extension
[    89.560] (II) Initializing extension SHAPE
[    89.560] (II) Initializing extension MIT-SHM
[    89.564] (II) Initializing extension XInputExtension
[    89.565] (II) Initializing extension XTEST
[    89.565] (II) Initializing extension BIG-REQUESTS
[    89.565] (II) Initializing extension SYNC
[    89.566] (II) Initializing extension XKEYBOARD
[    89.566] (II) Initializing extension XC-MISC
[    89.570] (II) Initializing extension SECURITY
[    89.570] (II) Initializing extension XFIXES
[    89.572] (II) Initializing extension RENDER
[    89.573] (II) Initializing extension RANDR
[    89.573] (II) Initializing extension COMPOSITE
[    89.573] (II) Initializing extension DAMAGE
[    89.574] (II) Initializing extension MIT-SCREEN-SAVER
[    89.574] (II) Initializing extension DOUBLE-BUFFER
[    89.574] (II) Initializing extension RECORD
[    89.576] (II) Initializing extension DPMS
[    89.577] (II) Initializing extension Present
[    89.577] (II) Initializing extension DRI3
[    89.577] (II) Initializing extension X-Resource
[    89.577] (II) Initializing extension XVideo
[    89.577] (II) Initializing extension XVideo-MotionCompensation
[    89.578] (II) Initializing extension SELinux
[    89.578] (II) SELinux: Disabled on system
[    89.578] (II) Initializing extension GLX
[    89.579] (II) AIGLX: Screen 0 is not DRI2 capable
[    89.618] (II) IGLX: Loaded and initialized swrast
[    89.618] (II) GLX: Initialized DRISWRAST GL provider for screen 0
[    89.618] (II) Initializing extension XFree86-VidModeExtension
[    89.619] (II) Initializing extension XFree86-DGA
[    89.619] (II) Initializing extension XFree86-DRI
[    89.619] (II) Initializing extension DRI2
[    89.636] (II) vmware(0): Setting screen physical size to 211 x 158
[    89.888] (II) config/udev: Adding input device Power Button (/dev/input/event0)
[    89.889] (**) Power Button: Applying InputClass "libinput keyboard catchall"
[    89.889] (II) LoadModule: "libinput"
[    89.892] (II) Loading /usr/lib/xorg/modules/input/libinput_drv.so
[    89.901] (II) Module libinput: vendor="X.Org Foundation"
[    89.901] 	compiled for 1.20.4, module version = 0.29.0
[    89.901] 	Module class: X.Org XInput Driver
[    89.901] 	ABI class: X.Org XInput driver, version 24.1
[    89.901] (II) Using input driver 'libinput' for 'Power Button'
[    89.903] (II) systemd-logind: got fd for /dev/input/event0 13:64 fd 21 paused 0
[    89.903] (**) Power Button: always reports core events
[    89.903] (**) Option "Device" "/dev/input/event0"
[    89.904] (**) Option "_source" "server/udev"
[    89.914] (II) event0  - Power Button: is tagged by udev as: Keyboard
[    89.914] (II) event0  - Power Button: device is a keyboard
[    89.916] (II) event0  - Power Button: device removed
[    89.916] (**) Option "config_info" "udev:/sys/devices/LNXSYSTM:00/LNXPWRBN:00/input/input0/event0"
[    89.916] (II) XINPUT: Adding extended input device "Power Button" (type: KEYBOARD, id 6)
[    89.916] (**) Option "xkb_model" "pc105"
[    89.916] (**) Option "xkb_layout" "es"
[    90.079] (II) event0  - Power Button: is tagged by udev as: Keyboard
[    90.080] (II) event0  - Power Button: device is a keyboard
[    90.082] (II) config/udev: Adding input device Sleep Button (/dev/input/event1)
[    90.083] (**) Sleep Button: Applying InputClass "libinput keyboard catchall"
[    90.084] (II) Using input driver 'libinput' for 'Sleep Button'
[    90.086] (II) systemd-logind: got fd for /dev/input/event1 13:65 fd 24 paused 0
[    90.087] (**) Sleep Button: always reports core events
[    90.087] (**) Option "Device" "/dev/input/event1"
[    90.088] (**) Option "_source" "server/udev"
[    90.095] (II) event1  - Sleep Button: is tagged by udev as: Keyboard
[    90.096] (II) event1  - Sleep Button: device is a keyboard
[    90.096] (II) event1  - Sleep Button: device removed
[    90.097] (**) Option "config_info" "udev:/sys/devices/LNXSYSTM:00/LNXSLPBN:00/input/input1/event1"
[    90.097] (II) XINPUT: Adding extended input device "Sleep Button" (type: KEYBOARD, id 7)
[    90.097] (**) Option "xkb_model" "pc105"
[    90.097] (**) Option "xkb_layout" "es"
[    90.117] (II) event1  - Sleep Button: is tagged by udev as: Keyboard
[    90.120] (II) event1  - Sleep Button: device is a keyboard
[    90.124] (II) config/udev: Adding input device Video Bus (/dev/input/event3)
[    90.124] (**) Video Bus: Applying InputClass "libinput keyboard catchall"
[    90.124] (II) Using input driver 'libinput' for 'Video Bus'
[    90.126] (II) systemd-logind: got fd for /dev/input/event3 13:67 fd 25 paused 0
[    90.126] (**) Video Bus: always reports core events
[    90.133] (**) Option "Device" "/dev/input/event3"
[    90.133] (**) Option "_source" "server/udev"
[    90.136] (II) event3  - Video Bus: is tagged by udev as: Keyboard
[    90.137] (II) event3  - Video Bus: device is a keyboard
[    90.139] (II) event3  - Video Bus: device removed
[    90.140] (**) Option "config_info" "udev:/sys/devices/LNXSYSTM:00/LNXSYBUS:00/PNP0A03:00/LNXVIDEO:00/input/input5/event3"
[    90.140] (II) XINPUT: Adding extended input device "Video Bus" (type: KEYBOARD, id 8)
[    90.141] (**) Option "xkb_model" "pc105"
[    90.141] (**) Option "xkb_layout" "es"
[    90.149] (II) event3  - Video Bus: is tagged by udev as: Keyboard
[    90.150] (II) event3  - Video Bus: device is a keyboard
[    90.156] (II) config/udev: Adding input device VirtualBox mouse integration (/dev/input/event6)
[    90.156] (**) VirtualBox mouse integration: Applying InputClass "libinput pointer catchall"
[    90.156] (II) Using input driver 'libinput' for 'VirtualBox mouse integration'
[    90.158] (II) systemd-logind: got fd for /dev/input/event6 13:70 fd 26 paused 0
[    90.158] (**) VirtualBox mouse integration: always reports core events
[    90.158] (**) Option "Device" "/dev/input/event6"
[    90.158] (**) Option "_source" "server/udev"
[    90.165] (II) event6  - VirtualBox mouse integration: is tagged by udev as: Mouse
[    90.166] (II) event6  - VirtualBox mouse integration: device is a pointer
[    90.167] (II) event6  - VirtualBox mouse integration: device removed
[    90.168] (**) Option "config_info" "udev:/sys/devices/pci0000:00/0000:00:04.0/input/input7/event6"
[    90.169] (II) XINPUT: Adding extended input device "VirtualBox mouse integration" (type: MOUSE, id 9)
[    90.170] (**) Option "AccelerationScheme" "none"
[    90.171] (**) VirtualBox mouse integration: (accel) selected scheme none/0
[    90.171] (**) VirtualBox mouse integration: (accel) acceleration factor: 2.000
[    90.171] (**) VirtualBox mouse integration: (accel) acceleration threshold: 4
[    90.175] (II) event6  - VirtualBox mouse integration: is tagged by udev as: Mouse
[    90.178] (II) event6  - VirtualBox mouse integration: device is a pointer
[    90.182] (II) config/udev: Adding input device VirtualBox mouse integration (/dev/input/js1)
[    90.182] (II) No input driver specified, ignoring this device.
[    90.182] (II) This device may have been added with another device file.
[    90.191] (II) config/udev: Adding input device VirtualBox mouse integration (/dev/input/mouse2)
[    90.193] (II) No input driver specified, ignoring this device.
[    90.194] (II) This device may have been added with another device file.
[    90.200] (II) config/udev: Adding input device VirtualBox USB Tablet (/dev/input/event5)
[    90.201] (**) VirtualBox USB Tablet: Applying InputClass "libinput pointer catchall"
[    90.201] (II) Using input driver 'libinput' for 'VirtualBox USB Tablet'
[    90.203] (II) systemd-logind: got fd for /dev/input/event5 13:69 fd 27 paused 0
[    90.203] (**) VirtualBox USB Tablet: always reports core events
[    90.204] (**) Option "Device" "/dev/input/event5"
[    90.204] (**) Option "_source" "server/udev"
[    90.215] (II) event5  - VirtualBox USB Tablet: is tagged by udev as: Mouse
[    90.216] (II) event5  - VirtualBox USB Tablet: device is a pointer
[    90.217] (II) event5  - VirtualBox USB Tablet: device removed
[    90.218] (**) Option "config_info" "udev:/sys/devices/pci0000:00/0000:00:06.0/usb2/2-1/2-1:1.0/0003:80EE:0021.0002/input/input8/event5"
[    90.218] (II) XINPUT: Adding extended input device "VirtualBox USB Tablet" (type: MOUSE, id 10)
[    90.220] (**) Option "AccelerationScheme" "none"
[    90.221] (**) VirtualBox USB Tablet: (accel) selected scheme none/0
[    90.221] (**) VirtualBox USB Tablet: (accel) acceleration factor: 2.000
[    90.221] (**) VirtualBox USB Tablet: (accel) acceleration threshold: 4
[    90.232] (II) event5  - VirtualBox USB Tablet: is tagged by udev as: Mouse
[    90.233] (II) event5  - VirtualBox USB Tablet: device is a pointer
[    90.236] (II) config/udev: Adding input device VirtualBox USB Tablet (/dev/input/js0)
[    90.236] (II) No input driver specified, ignoring this device.
[    90.236] (II) This device may have been added with another device file.
[    90.238] (II) config/udev: Adding input device VirtualBox USB Tablet (/dev/input/mouse1)
[    90.238] (II) No input driver specified, ignoring this device.
[    90.238] (II) This device may have been added with another device file.
[    90.243] (II) config/udev: Adding input device AT Translated Set 2 keyboard (/dev/input/event2)
[    90.243] (**) AT Translated Set 2 keyboard: Applying InputClass "libinput keyboard catchall"
[    90.244] (II) Using input driver 'libinput' for 'AT Translated Set 2 keyboard'
[    90.245] (II) systemd-logind: got fd for /dev/input/event2 13:66 fd 28 paused 0
[    90.245] (**) AT Translated Set 2 keyboard: always reports core events
[    90.245] (**) Option "Device" "/dev/input/event2"
[    90.246] (**) Option "_source" "server/udev"
[    90.254] (II) event2  - AT Translated Set 2 keyboard: is tagged by udev as: Keyboard
[    90.256] (II) event2  - AT Translated Set 2 keyboard: device is a keyboard
[    90.258] (II) event2  - AT Translated Set 2 keyboard: device removed
[    90.258] (**) Option "config_info" "udev:/sys/devices/platform/i8042/serio0/input/input2/event2"
[    90.258] (II) XINPUT: Adding extended input device "AT Translated Set 2 keyboard" (type: KEYBOARD, id 11)
[    90.259] (**) Option "xkb_model" "pc105"
[    90.260] (**) Option "xkb_layout" "es"
[    90.265] (II) event2  - AT Translated Set 2 keyboard: is tagged by udev as: Keyboard
[    90.268] (II) event2  - AT Translated Set 2 keyboard: device is a keyboard
[    90.271] (II) config/udev: Adding input device ImExPS/2 Generic Explorer Mouse (/dev/input/event4)
[    90.275] (**) ImExPS/2 Generic Explorer Mouse: Applying InputClass "libinput pointer catchall"
[    90.276] (II) Using input driver 'libinput' for 'ImExPS/2 Generic Explorer Mouse'
[    90.277] (II) systemd-logind: got fd for /dev/input/event4 13:68 fd 29 paused 0
[    90.278] (**) ImExPS/2 Generic Explorer Mouse: always reports core events
[    90.278] (**) Option "Device" "/dev/input/event4"
[    90.278] (**) Option "_source" "server/udev"
[    90.281] (II) event4  - ImExPS/2 Generic Explorer Mouse: is tagged by udev as: Mouse
[    90.284] (II) event4  - ImExPS/2 Generic Explorer Mouse: device is a pointer
[    90.286] (II) event4  - ImExPS/2 Generic Explorer Mouse: device removed
[    90.286] (**) Option "config_info" "udev:/sys/devices/platform/i8042/serio1/input/input4/event4"
[    90.287] (II) XINPUT: Adding extended input device "ImExPS/2 Generic Explorer Mouse" (type: MOUSE, id 12)
[    90.288] (**) Option "AccelerationScheme" "none"
[    90.289] (**) ImExPS/2 Generic Explorer Mouse: (accel) selected scheme none/0
[    90.290] (**) ImExPS/2 Generic Explorer Mouse: (accel) acceleration factor: 2.000
[    90.290] (**) ImExPS/2 Generic Explorer Mouse: (accel) acceleration threshold: 4
[    90.296] (II) event4  - ImExPS/2 Generic Explorer Mouse: is tagged by udev as: Mouse
[    90.298] (II) event4  - ImExPS/2 Generic Explorer Mouse: device is a pointer
[    90.300] (II) config/udev: Adding input device ImExPS/2 Generic Explorer Mouse (/dev/input/mouse0)
[    90.300] (II) No input driver specified, ignoring this device.
[    90.300] (II) This device may have been added with another device file.
[    92.590] (EE) No surface to present from.
[  3153.491] (**) Option "fd" "21"
[  3153.493] (II) event0  - Power Button: device removed
[  3153.497] (**) Option "fd" "24"
[  3153.497] (II) event1  - Sleep Button: device removed
[  3153.498] (**) Option "fd" "25"
[  3153.499] (II) event3  - Video Bus: device removed
[  3153.500] (**) Option "fd" "26"
[  3153.501] (II) event6  - VirtualBox mouse integration: device removed
[  3153.503] (**) Option "fd" "27"
[  3153.504] (II) event5  - VirtualBox USB Tablet: device removed
[  3153.508] (**) Option "fd" "28"
[  3153.508] (II) event2  - AT Translated Set 2 keyboard: device removed
[  3153.512] (**) Option "fd" "29"
[  3153.512] (II) event4  - ImExPS/2 Generic Explorer Mouse: device removed
[  3153.540] (II) systemd-logind: got pause for 13:68
[  3153.541] (II) systemd-logind: got pause for 13:64
[  3153.541] (II) systemd-logind: got pause for 13:66
[  3153.541] (II) systemd-logind: got pause for 13:69
[  3153.541] (II) systemd-logind: got pause for 13:70
[  3153.541] (II) systemd-logind: got pause for 226:0
[  3153.541] (II) systemd-logind: got pause for 13:67
[  3153.542] (II) systemd-logind: got pause for 13:65
[  3199.777] (II) systemd-logind: got resume for 13:68
[  3199.778] (II) systemd-logind: got resume for 13:64
[  3199.778] (II) systemd-logind: got resume for 13:66
[  3199.778] (II) systemd-logind: got resume for 13:69
[  3199.779] (II) systemd-logind: got resume for 13:70
[  3199.779] (II) systemd-logind: got resume for 226:0
[  3199.820] (II) event0  - Power Button: is tagged by udev as: Keyboard
[  3199.820] (II) event0  - Power Button: device is a keyboard
[  3199.830] (II) event6  - VirtualBox mouse integration: is tagged by udev as: Mouse
[  3199.830] (II) event6  - VirtualBox mouse integration: device is a pointer
[  3199.837] (II) event5  - VirtualBox USB Tablet: is tagged by udev as: Mouse
[  3199.837] (II) event5  - VirtualBox USB Tablet: device is a pointer
[  3199.845] (II) event2  - AT Translated Set 2 keyboard: is tagged by udev as: Keyboard
[  3199.846] (II) event2  - AT Translated Set 2 keyboard: device is a keyboard
[  3199.860] (II) event4  - ImExPS/2 Generic Explorer Mouse: is tagged by udev as: Mouse
[  3199.862] (II) event4  - ImExPS/2 Generic Explorer Mouse: device is a pointer
[  3199.866] (II) systemd-logind: got resume for 13:67
[  3199.874] (II) event3  - Video Bus: is tagged by udev as: Keyboard
[  3199.876] (II) event3  - Video Bus: device is a keyboard
[  3199.878] (II) systemd-logind: got resume for 13:65
[  3199.879] (II) event1  - Sleep Button: is tagged by udev as: Keyboard
[  3199.884] (II) event1  - Sleep Button: device is a keyboard
[  3199.890] (!!) vmware(0): New layout.
[  3199.890] (!!) vmware(0): 0: 0 0 800 600
[  3199.890] (!!) vmware(0): 
[  3675.288] (II) config/udev: removing device VirtualBox USB Tablet
[  3675.288] (**) Option "fd" "27"
[  3675.288] (II) event5  - VirtualBox USB Tablet: device removed
[  3675.341] (II) UnloadModule: "libinput"
[  3675.341] (II) systemd-logind: releasing fd for 13:69
[  3675.349] (EE) systemd-logind: failed to release device: Device not taken
[  3676.232] (II) config/udev: Adding input device VirtualBox USB Tablet (/dev/input/js0)
[  3676.235] (II) No input driver specified, ignoring this device.
[  3676.235] (II) This device may have been added with another device file.
[  3676.250] (II) config/udev: Adding input device VirtualBox USB Tablet (/dev/input/mouse1)
[  3676.250] (II) No input driver specified, ignoring this device.
[  3676.250] (II) This device may have been added with another device file.
[  3676.320] (II) config/udev: Adding input device VirtualBox USB Tablet (/dev/input/event5)
[  3676.321] (**) VirtualBox USB Tablet: Applying InputClass "libinput pointer catchall"
[  3676.321] (II) Using input driver 'libinput' for 'VirtualBox USB Tablet'
[  3676.381] (II) systemd-logind: got fd for /dev/input/event5 13:69 fd 50 paused 0
[  3676.381] (**) VirtualBox USB Tablet: always reports core events
[  3676.381] (**) Option "Device" "/dev/input/event5"
[  3676.381] (**) Option "_source" "server/udev"
[  3676.382] (II) event5  - VirtualBox USB Tablet: is tagged by udev as: Mouse
[  3676.382] (II) event5  - VirtualBox USB Tablet: device is a pointer
[  3676.382] (II) event5  - VirtualBox USB Tablet: device removed
[  3676.382] (**) Option "config_info" "udev:/sys/devices/pci0000:00/0000:00:06.0/usb2/2-1/2-1:1.0/0003:80EE:0021.0003/input/input9/event5"
[  3676.382] (II) XINPUT: Adding extended input device "VirtualBox USB Tablet" (type: MOUSE, id 10)
[  3676.396] (**) Option "AccelerationScheme" "none"
[  3676.399] (**) VirtualBox USB Tablet: (accel) selected scheme none/0
[  3676.399] (**) VirtualBox USB Tablet: (accel) acceleration factor: 2.000
[  3676.399] (**) VirtualBox USB Tablet: (accel) acceleration threshold: 4
[  3676.407] (II) event5  - VirtualBox USB Tablet: is tagged by udev as: Mouse
[  3676.407] (II) event5  - VirtualBox USB Tablet: device is a pointer
