Validating found git in: git
Using git 2.25.1 from git
> git rev-parse --git-dir
Open repository: /opt/odoo/dam
> git status -z -u
> git symbolic-ref --short HEAD
> git for-each-ref --format=%(refname)%00%(upstream:short)%00%(objectname)%00%(upstream:track) refs/heads/master refs/remotes/master
> git for-each-ref --sort -committerdate --format %(refname) %(objectname) %(*objectname)
> git remote --verbose
> git config --get commit.template
> git check-ignore -v -z --stdin
> git status -z -u
> git symbolic-ref --short HEAD
> git for-each-ref --format=%(refname)%00%(upstream:short)%00%(objectname)%00%(upstream:track) refs/heads/master refs/remotes/master
> git for-each-ref --sort -committerdate --format %(refname) %(objectname) %(*objectname)
> git remote --verbose
> git config --get commit.template
> git check-ignore -v -z --stdin
> git show --textconv :ProyectoEmpresa/README.md
> git ls-files --stage -- /opt/odoo/dam/ProyectoEmpresa/README.md
> git checkout -q -b miguel --no-track HEAD
fatal: 'HEAD' is not a commit and a branch 'miguel' cannot be created from it
