[Info  - 08:25:14.322] Reading sessions from keychain...
[Info  - 08:25:14.624] Getting sessions for all scopes...
[Info  - 08:25:14.654] Got 0 sessions for all scopes...
[Info  - 08:25:16.171] Getting sessions for all scopes...
[Info  - 08:25:16.171] Got 0 sessions for all scopes...
[Info  - 08:27:31.544] Getting sessions for repo,workflow...
[Info  - 08:27:31.544] Got 0 sessions for repo,workflow...
[Info  - 08:27:34.21] Logging in for the following scopes: repo workflow
[Trace  - 08:29:11.169] Handling Uri...
[Info  - 08:32:03.201] Getting sessions for repo,workflow...
[Info  - 08:32:03.202] Got 0 sessions for repo,workflow...
[Info  - 08:32:06.937] Logging in for the following scopes: repo workflow
[Trace  - 08:32:18.551] Handling Uri...
[Info  - 08:32:18.551] Exchanging code for token...
[Info  - 08:32:19.135] Token exchange success!
[Info  - 08:32:19.136] Getting user info...
[Info  - 08:32:19.466] Got account info!
[Info  - 08:32:19.466] Storing 1 sessions...
[Info  - 08:32:19.564] Reading sessions from keychain...
[Info  - 08:32:19.567] Stored 1 sessions!
[Info  - 08:32:19.567] Login success!
[Info  - 08:32:19.588] Getting sessions for all scopes...
[Trace  - 08:32:19.588] Token acquired from secret storage.
[Info  - 08:32:19.588] Got stored sessions!
[Trace  - 08:32:19.588] Read the following session from the keychain with the following scopes: repo,workflow
[Info  - 08:32:19.588] Got 1 verified sessions.
[Info  - 08:32:19.588] Got 1 sessions for all scopes...
[Info  - 08:33:15.540] Getting sessions for repo,workflow...
[Info  - 08:33:15.540] Got 1 sessions for repo,workflow...
